[2021-04-07 08:02:45,301] multiqc                                            [DEBUG  ]  No MultiQC config found: /projects/camcd@colostate.edu/miniconda3/envs/qctrim/lib/python2.7/site-packages/multiqc-1.0.dev0-py2.7.egg/multiqc_config.yaml
[2021-04-07 08:02:45,301] multiqc                                            [DEBUG  ]  No MultiQC config found: /home/camcd@colostate.edu/.multiqc_config.yaml
[2021-04-07 08:02:45,301] multiqc                                            [DEBUG  ]  No MultiQC config found: multiqc_config.yaml
[2021-04-07 08:02:45,301] multiqc                                            [DEBUG  ]  Command used: /projects/camcd@colostate.edu/miniconda3/envs/qctrim/bin/multiqc results/fastqc/raw -o results/multiqc/raw
[2021-04-07 08:02:45,301] multiqc                                            [DEBUG  ]  Could not connect to multiqc.info for version check
[2021-04-07 08:02:45,301] multiqc                                            [INFO   ]  This is MultiQC v1.0.dev0
[2021-04-07 08:02:45,301] multiqc                                            [DEBUG  ]  Command     : /projects/camcd@colostate.edu/miniconda3/envs/qctrim/bin/multiqc results/fastqc/raw -o results/multiqc/raw
[2021-04-07 08:02:45,301] multiqc                                            [DEBUG  ]  Working dir : /gpfs/summit/scratch/camcd@colostate.edu/felv_rnaseq
[2021-04-07 08:02:45,301] multiqc                                            [INFO   ]  Template    : default
[2021-04-07 08:02:45,303] multiqc                                            [INFO   ]  Searching 'results/fastqc/raw'
[2021-04-07 08:02:45,303] multiqc                                            [DEBUG  ]  Analysing modules: custom_content, peddy, methylQA, qualimap, preseq, quast, rseqc, busco, goleft_indexcov, snpeff, gatk, htseq, bcftools, featureCounts, picard, prokka, samblaster, samtools, bamtools, bismark, hicup, salmon, kallisto, slamdunk, star, tophat, bowtie2, bowtie1, cutadapt, trimmomatic, skewer, fastq_screen, fastqc, clusterflow
[2021-04-07 08:02:45,303] multiqc                                            [DEBUG  ]  Using temporary directory for creating report: /tmp/tmpYQSyqn
[2021-04-07 08:02:46,203] multiqc.modules.custom_content.custom_content      [DEBUG  ]  No custom content found
[2021-04-07 08:02:46,222] multiqc.modules.peddy.peddy                        [DEBUG  ]  Could not find any reports in ('results/fastqc/raw',)
[2021-04-07 08:02:46,232] multiqc.modules.methylQA.methylQA                  [DEBUG  ]  Could not find any reports in ('results/fastqc/raw',)
[2021-04-07 08:02:46,246] multiqc.modules.qualimap.QM_BamQC                  [DEBUG  ]  Using default Qualimap thresholds: 1, 5, 10, 30, 50
[2021-04-07 08:02:46,263] multiqc.modules.qualimap.qualimap                  [DEBUG  ]  Could not find any reports in ('results/fastqc/raw',)
[2021-04-07 08:02:46,340] multiqc.modules.preseq.preseq                      [DEBUG  ]  Could not find any preseq data in ('results/fastqc/raw',)
[2021-04-07 08:02:46,349] multiqc.modules.quast.quast                        [DEBUG  ]  Could not find any reports in ('results/fastqc/raw',)
[2021-04-07 08:02:46,629] multiqc.modules.rseqc.rseqc                        [DEBUG  ]  Could not find any reports in ('results/fastqc/raw',)
[2021-04-07 08:02:46,642] multiqc.modules.busco.busco                        [DEBUG  ]  Could not find any reports in ('results/fastqc/raw',)
[2021-04-07 08:02:46,657] multiqc.modules.goleft_indexcov.goleft_indexcov    [DEBUG  ]  Did not find goleft indexcov outputs in ('results/fastqc/raw',)
[2021-04-07 08:02:46,724] multiqc.modules.snpeff.snpeff                      [DEBUG  ]  Could not find any data in ('results/fastqc/raw',)
[2021-04-07 08:02:46,799] multiqc.modules.gatk.gatk                          [DEBUG  ]  Could not find any reports in ('results/fastqc/raw',)
[2021-04-07 08:02:46,870] multiqc.modules.htseq.htseq                        [DEBUG  ]  Could not find any reports in ('results/fastqc/raw',)
[2021-04-07 08:02:46,939] multiqc.modules.bcftools.bcftools                  [DEBUG  ]  Could not find any reports in ('results/fastqc/raw',)
[2021-04-07 08:02:46,951] multiqc.modules.featureCounts.feature_counts       [DEBUG  ]  Could not find any reports in ('results/fastqc/raw',)
[2021-04-07 08:02:47,579] multiqc.modules.picard.picard                      [DEBUG  ]  Could not find any reports in ('results/fastqc/raw',)
[2021-04-07 08:02:47,592] multiqc.modules.prokka.prokka                      [DEBUG  ]  Could not find any Prokka data in ('results/fastqc/raw',)
[2021-04-07 08:02:47,662] multiqc.modules.samblaster.samblaster              [DEBUG  ]  Could not find any data in ('results/fastqc/raw',)
[2021-04-07 08:02:47,869] multiqc.modules.samtools.samtools                  [DEBUG  ]  Could not find any reports in ('results/fastqc/raw',)
[2021-04-07 08:02:47,940] multiqc.modules.bamtools.bamtools                  [DEBUG  ]  Could not find any reports in ('results/fastqc/raw',)
[2021-04-07 08:02:47,964] multiqc.modules.bismark.bismark                    [DEBUG  ]  Could not find any reports in ('results/fastqc/raw',)
[2021-04-07 08:02:47,975] multiqc.modules.hicup.hicup                        [DEBUG  ]  Could not find any HiCUP data in ('results/fastqc/raw',)
[2021-04-07 08:02:47,989] multiqc.modules.salmon.salmon                      [DEBUG  ]  Could not find any Salmon data in ('results/fastqc/raw',)
[2021-04-07 08:02:48,056] multiqc.modules.kallisto.kallisto                  [DEBUG  ]  Could not find any reports in ('results/fastqc/raw',)
[2021-04-07 08:02:48,425] multiqc.modules.slamdunk.slamdunk                  [DEBUG  ]  No slamdunk reports found.
[2021-04-07 08:02:48,442] multiqc.modules.star.star                          [DEBUG  ]  Could not find any reports in ('results/fastqc/raw',)
[2021-04-07 08:02:48,453] multiqc.modules.tophat.tophat                      [DEBUG  ]  Could not find any reports in ('results/fastqc/raw',)
[2021-04-07 08:02:48,523] multiqc.modules.bowtie2.bowtie2                    [DEBUG  ]  Could not find any reports in ('results/fastqc/raw',)
[2021-04-07 08:02:48,593] multiqc.modules.bowtie1.bowtie1                    [DEBUG  ]  Could not find any reports in ('results/fastqc/raw',)
[2021-04-07 08:02:48,663] multiqc.modules.cutadapt.cutadapt                  [DEBUG  ]  Could not find any reports in ('results/fastqc/raw',)
[2021-04-07 08:02:48,732] multiqc.modules.trimmomatic.trimmomatic            [DEBUG  ]  Could not find any Trimmomatic data in ('results/fastqc/raw',)
[2021-04-07 08:02:48,800] multiqc.modules.skewer.skewer                      [DEBUG  ]  Could not find any data in ('results/fastqc/raw',)
[2021-04-07 08:02:48,811] multiqc.modules.fastq_screen.fastq_screen          [DEBUG  ]  Could not find any reports in ('results/fastqc/raw',)
[2021-04-07 08:03:02,544] multiqc.modules.fastqc.fastqc                      [INFO   ]  Found 37 reports
[2021-04-07 08:03:03,530] multiqc.modules.clusterflow.clusterflow            [DEBUG  ]  Could not find any reports in ('results/fastqc/raw',)
[2021-04-07 08:03:03,533] multiqc                                            [INFO   ]  Report      : results/multiqc/raw/multiqc_report.html
[2021-04-07 08:03:03,535] multiqc                                            [INFO   ]  Data        : results/multiqc/raw/multiqc_data
[2021-04-07 08:03:03,535] multiqc                                            [DEBUG  ]  Moving data file from '/tmp/tmpYQSyqn/multiqc_data/multiqc_sources.txt' to 'results/multiqc/raw/multiqc_data'
[2021-04-07 08:03:03,536] multiqc                                            [DEBUG  ]  Moving data file from '/tmp/tmpYQSyqn/multiqc_data/multiqc_general_stats.txt' to 'results/multiqc/raw/multiqc_data'
[2021-04-07 08:03:03,537] multiqc                                            [DEBUG  ]  Moving data file from '/tmp/tmpYQSyqn/multiqc_data/multiqc_fastqc.txt' to 'results/multiqc/raw/multiqc_data'
[2021-04-07 08:03:03,671] multiqc                                            [INFO   ]  MultiQC complete
